d:\정의훈\139\framework\client\default\x64\release\client.pch
d:\정의훈\139\framework\client\default\x64\release\vc140.pdb
d:\정의훈\139\framework\client\default\x64\release\stdafx.obj
d:\정의훈\139\framework\client\default\x64\release\client.obj
d:\정의훈\139\framework\client\default\x64\release\mainapp.obj
d:\정의훈\139\framework\client\default\x64\release\level_logo.obj
d:\정의훈\139\framework\client\default\x64\release\level_gameplay.obj
d:\정의훈\139\framework\client\default\x64\release\loader.obj
d:\정의훈\139\framework\client\default\x64\release\level_loading.obj
d:\정의훈\139\framework\client\bin\client.exe
d:\정의훈\139\framework\client\bin\client.ipdb
d:\정의훈\139\framework\client\bin\client.iobj
d:\정의훈\139\framework\client\bin\client.pdb
d:\정의훈\139\framework\client\default\x64\release\client.res
d:\정의훈\139\framework\client\default\..\bin\client.exe
d:\정의훈\139\framework\client\default\x64\release\client.tlog\cl.command.1.tlog
d:\정의훈\139\framework\client\default\x64\release\client.tlog\cl.read.1.tlog
d:\정의훈\139\framework\client\default\x64\release\client.tlog\cl.write.1.tlog
d:\정의훈\139\framework\client\default\x64\release\client.tlog\link.command.1.tlog
d:\정의훈\139\framework\client\default\x64\release\client.tlog\link.read.1.tlog
d:\정의훈\139\framework\client\default\x64\release\client.tlog\link.write.1.tlog
d:\정의훈\139\framework\client\default\x64\release\client.tlog\rc.command.1.tlog
d:\정의훈\139\framework\client\default\x64\release\client.tlog\rc.read.1.tlog
d:\정의훈\139\framework\client\default\x64\release\client.tlog\rc.write.1.tlog
