d:\정의훈\139\framework\engine\default\x64\release\vc140.pdb
d:\정의훈\139\framework\engine\default\x64\release\timer_manager.obj
d:\정의훈\139\framework\engine\default\x64\release\timer.obj
d:\정의훈\139\framework\engine\default\x64\release\level_manager.obj
d:\정의훈\139\framework\engine\default\x64\release\level.obj
d:\정의훈\139\framework\engine\default\x64\release\graphic_device.obj
d:\정의훈\139\framework\engine\default\x64\release\gameinstance.obj
d:\정의훈\139\framework\engine\default\x64\release\base.obj
d:\정의훈\139\framework\engine\bin\engine.lib
d:\정의훈\139\framework\engine\bin\engine.exp
d:\정의훈\139\framework\engine\bin\engine.dll
d:\정의훈\139\framework\engine\bin\engine.ipdb
d:\정의훈\139\framework\engine\bin\engine.iobj
d:\정의훈\139\framework\engine\bin\engine.pdb
d:\정의훈\139\framework\engine\default\..\bin\engine.dll
d:\정의훈\139\framework\engine\default\x64\release\engine.tlog\cl.command.1.tlog
d:\정의훈\139\framework\engine\default\x64\release\engine.tlog\cl.read.1.tlog
d:\정의훈\139\framework\engine\default\x64\release\engine.tlog\cl.write.1.tlog
d:\정의훈\139\framework\engine\default\x64\release\engine.tlog\engine.write.1u.tlog
d:\정의훈\139\framework\engine\default\x64\release\engine.tlog\link.command.1.tlog
d:\정의훈\139\framework\engine\default\x64\release\engine.tlog\link.read.1.tlog
d:\정의훈\139\framework\engine\default\x64\release\engine.tlog\link.write.1.tlog
