  Base.cpp
  Camera.cpp
  Component.cpp
  Component_Manager.cpp
  GameInstance.cpp
  GameObject.cpp
  Graphic_Device.cpp
  Layer.cpp
  Level.cpp
  Level_Manager.cpp
  Object_Manager.cpp
  PipeLine.cpp
  Renderer.cpp
  Shader.cpp
E:\DirectX11_Project\Engine\private\Shader.cpp(46,59): warning C4267: '인수': 'size_t'에서 'uint32_t'(으)로 변환하면서 데이터가 손실될 수 있습니다.
  Texture.cpp
  Timer.cpp
  Timer_Manager.cpp
  Transform.cpp
E:\DirectX11_Project\Engine\private\Transform.cpp(30,12): warning C4101: 'matTmp' :참조되지 않은 지역 변수입니다.
  VIBuffer.cpp
  VIBuffer_Rect.cpp
  코드를 생성하고 있습니다...
  컴파일하고 있습니다...
  VIBuffer_Terrain.cpp
E:\DirectX11_Project\Engine\Private\VIBuffer_Terrain.cpp(55,43): warning C4267: '초기화 중': 'size_t'에서 'Engine::_uint'(으)로 변환하면서 데이터가 손실될 수 있습니다.
E:\DirectX11_Project\Engine\Private\VIBuffer_Terrain.cpp(63,83): warning C4244: '인수': 'size_t'에서 'float'(으)로 변환하면서 데이터가 손실될 수 있습니다.
E:\DirectX11_Project\Engine\Private\VIBuffer_Terrain.cpp(63,42): warning C4244: '인수': 'size_t'에서 'float'(으)로 변환하면서 데이터가 손실될 수 있습니다.
E:\DirectX11_Project\Engine\Private\VIBuffer_Terrain.cpp(85,43): warning C4267: '초기화 중': 'size_t'에서 'Engine::_uint'(으)로 변환하면서 데이터가 손실될 수 있습니다.
  Engine_Struct.cpp
  코드를 생성하고 있습니다...
  LINK : ..\Bin\Engine.dll을(를) 찾을 수 없거나 마지막 증분 링크에 의해 빌드되지 않았습니다. 전체 링크를 수행하고 있습니다.
     ..\Bin\Engine.lib 라이브러리 및 ..\Bin\Engine.exp 개체를 생성하고 있습니다.
Effects11d.lib(d3dxGlobal.obj) : warning LNK4099: 'Effects11d.pdb' PDB를 'Effects11d.lib(d3dxGlobal.obj)' 또는 'E:\DirectX11_Project\Engine\Bin\Effects11d.pdb'에서 찾을 수 없습니다. 디버그 정보가 없는 것처럼 개체를 링크합니다.
Effects11d.lib(EffectAPI.obj) : warning LNK4099: 'Effects11d.pdb' PDB를 'Effects11d.lib(EffectAPI.obj)' 또는 'E:\DirectX11_Project\Engine\Bin\Effects11d.pdb'에서 찾을 수 없습니다. 디버그 정보가 없는 것처럼 개체를 링크합니다.
Effects11d.lib(EffectLoad.obj) : warning LNK4099: 'Effects11d.pdb' PDB를 'Effects11d.lib(EffectLoad.obj)' 또는 'E:\DirectX11_Project\Engine\Bin\Effects11d.pdb'에서 찾을 수 없습니다. 디버그 정보가 없는 것처럼 개체를 링크합니다.
Effects11d.lib(EffectNonRuntime.obj) : warning LNK4099: 'Effects11d.pdb' PDB를 'Effects11d.lib(EffectNonRuntime.obj)' 또는 'E:\DirectX11_Project\Engine\Bin\Effects11d.pdb'에서 찾을 수 없습니다. 디버그 정보가 없는 것처럼 개체를 링크합니다.
Effects11d.lib(EffectReflection.obj) : warning LNK4099: 'Effects11d.pdb' PDB를 'Effects11d.lib(EffectReflection.obj)' 또는 'E:\DirectX11_Project\Engine\Bin\Effects11d.pdb'에서 찾을 수 없습니다. 디버그 정보가 없는 것처럼 개체를 링크합니다.
Effects11d.lib(EffectRuntime.obj) : warning LNK4099: 'Effects11d.pdb' PDB를 'Effects11d.lib(EffectRuntime.obj)' 또는 'E:\DirectX11_Project\Engine\Bin\Effects11d.pdb'에서 찾을 수 없습니다. 디버그 정보가 없는 것처럼 개체를 링크합니다.
DirectXTKd.lib(DDSTextureLoader.obj) : warning LNK4099: 'DirectXTK.pdb' PDB를 'DirectXTKd.lib(DDSTextureLoader.obj)' 또는 'E:\DirectX11_Project\Engine\Bin\DirectXTK.pdb'에서 찾을 수 없습니다. 디버그 정보가 없는 것처럼 개체를 링크합니다.
DirectXTKd.lib(pch.obj) : warning LNK4099: 'DirectXTK.pdb' PDB를 'DirectXTKd.lib(pch.obj)' 또는 'E:\DirectX11_Project\Engine\Bin\DirectXTK.pdb'에서 찾을 수 없습니다. 디버그 정보가 없는 것처럼 개체를 링크합니다.
DirectXTKd.lib(WICTextureLoader.obj) : warning LNK4099: 'DirectXTK.pdb' PDB를 'DirectXTKd.lib(WICTextureLoader.obj)' 또는 'E:\DirectX11_Project\Engine\Bin\DirectXTK.pdb'에서 찾을 수 없습니다. 디버그 정보가 없는 것처럼 개체를 링크합니다.
  Engine.vcxproj -> E:\DirectX11_Project\Engine\Bin\Engine.dll
